<?xml version="1.0" encoding="UTF-8"?>
<!-- Generated by org.testng.reporters.JUnitReportReporter -->
<testsuite skipped="0" hostname="LAPTOP-3VC51P4M" name="TestNGDemos.DataProviderDemo" tests="3" failures="0" timestamp="2021-10-26T08:55:02 IST" time="29.860" errors="0">
  <testcase name="CheckLogin" time="10.874" classname="TestNGDemos.DataProviderDemo"/>
  <system-out/>
  <testcase name="CheckLogin" time="8.376" classname="TestNGDemos.DataProviderDemo"/>
  <system-out/>
  <testcase name="CheckLogin" time="10.610" classname="TestNGDemos.DataProviderDemo"/>
  <system-out/>
</testsuite> <!-- TestNGDemos.DataProviderDemo -->
