<?xml version="1.0" encoding="UTF-8"?>
<!-- Generated by org.testng.reporters.JUnitReportReporter -->
<testsuite skipped="0" hostname="LAPTOP-3VC51P4M" name="Waits.Implicitwaitdemo" tests="1" failures="0" timestamp="2021-10-28T08:23:08 IST" time="20.247" errors="0">
  <testcase name="launch" time="20.247" classname="Waits.Implicitwaitdemo"/>
  <system-out/>
</testsuite> <!-- Waits.Implicitwaitdemo -->
