<?xml version="1.0" encoding="UTF-8"?>
<!-- Generated by org.testng.reporters.JUnitReportReporter -->
<testsuite skipped="0" hostname="LAPTOP-3VC51P4M" name="Event_Handling.AlertHandling" tests="1" failures="0" timestamp="2021-10-28T09:07:23 IST" time="23.264" errors="0">
  <testcase name="Launch" time="23.264" classname="Event_Handling.AlertHandling"/>
  <system-out/>
</testsuite> <!-- Event_Handling.AlertHandling -->
