<?xml version="1.0" encoding="UTF-8"?>
<!-- Generated by org.testng.reporters.JUnitReportReporter -->
<testsuite skipped="0" hostname="LAPTOP-3VC51P4M" name="TestNGDemos.ParallelTests" tests="2" failures="0" timestamp="2021-10-26T09:18:48 IST" time="22.502" errors="0">
  <testcase name="Launch" time="13.712" classname="TestNGDemos.ParallelTests"/>
  <system-out/>
  <testcase name="forget_pass" time="8.790" classname="TestNGDemos.ParallelTests"/>
  <system-out/>
</testsuite> <!-- TestNGDemos.ParallelTests -->
