<?xml version="1.0" encoding="UTF-8"?>
<!-- Generated by org.testng.reporters.JUnitReportReporter -->
<testsuite skipped="0" hostname="LAPTOP-3VC51P4M" name="TestNGDemos.ParallelMethods" tests="2" failures="0" timestamp="2021-10-26T09:17:32 IST" time="0.014" errors="0">
  <testcase name="Testcase1" time="0.007" classname="TestNGDemos.ParallelMethods"/>
  <system-out/>
  <testcase name="Testcase2" time="0.007" classname="TestNGDemos.ParallelMethods"/>
  <system-out/>
</testsuite> <!-- TestNGDemos.ParallelMethods -->
