<?xml version="1.0" encoding="UTF-8"?>
<!-- Generated by org.testng.reporters.JUnitReportReporter -->
<testsuite skipped="0" hostname="LAPTOP-3VC51P4M" name="TestNGDemos.LoginDemo" tests="1" failures="0" timestamp="2021-10-27T09:19:49 IST" time="6.645" errors="0">
  <testcase name="Forget_pass" time="6.645" classname="TestNGDemos.LoginDemo"/>
  <system-out/>
</testsuite> <!-- TestNGDemos.LoginDemo -->
