<?xml version="1.0" encoding="UTF-8"?>
<!-- Generated by org.testng.reporters.JUnitReportReporter -->
<testsuite skipped="1" hostname="LAPTOP-3VC51P4M" name="TestNGDemos.DemoTestNg" tests="3" failures="0" timestamp="2021-10-26T08:16:27 IST" time="0.009" errors="0">
  <testcase name="close_browser" time="0.006" classname="TestNGDemos.DemoTestNg"/>
  <system-out/>
  <testcase name="driver" time="0.003" classname="TestNGDemos.DemoTestNg"/>
  <system-out/>
  <testcase name="Login" classname="TestNGDemos.DemoTestNg">
    <skipped/>
  </testcase> <!-- Login -->
  <system-out/>
</testsuite> <!-- TestNGDemos.DemoTestNg -->
