<?xml version="1.0" encoding="UTF-8"?>
<!-- Generated by org.testng.reporters.JUnitReportReporter -->
<testsuite skipped="0" hostname="LAPTOP-3VC51P4M" name="TestNGDemos.ParallelClass1" tests="2" failures="0" timestamp="2021-10-26T09:25:18 IST" time="0.012" errors="0">
  <testcase name="TestCase1" time="0.011" classname="TestNGDemos.ParallelClass1"/>
  <system-out/>
  <testcase name="TestCase2" time="0.001" classname="TestNGDemos.ParallelClass1"/>
  <system-out/>
</testsuite> <!-- TestNGDemos.ParallelClass1 -->
