<?xml version="1.0" encoding="UTF-8"?>
<!-- Generated by org.testng.reporters.JUnitReportReporter -->
<testsuite skipped="0" hostname="LAPTOP-3VC51P4M" name="Event_Handling.FrameHandling" tests="1" failures="0" timestamp="2021-10-29T08:41:42 IST" time="19.988" errors="0">
  <testcase name="launch" time="19.988" classname="Event_Handling.FrameHandling"/>
  <system-out/>
</testsuite> <!-- Event_Handling.FrameHandling -->
