<?xml version="1.0" encoding="UTF-8"?>
<!-- Generated by org.testng.reporters.JUnitReportReporter -->
<testsuite skipped="0" hostname="LAPTOP-3VC51P4M" name="TestNGDemos.HomePage" tests="1" failures="0" timestamp="2021-10-23T09:13:19 IST" time="0.066" errors="0">
  <testcase name="Check_HomePage" time="0.066" classname="TestNGDemos.HomePage"/>
  <system-out/>
</testsuite> <!-- TestNGDemos.HomePage -->
