<?xml version="1.0" encoding="UTF-8"?>
<!-- Generated by org.testng.reporters.JUnitReportReporter -->
<testsuite skipped="0" hostname="LAPTOP-3VC51P4M" name="TestNGDemos.ParameterDemo" tests="1" failures="0" timestamp="2021-10-26T08:39:16 IST" time="12.706" errors="0">
  <testcase name="Launch" time="12.706" classname="TestNGDemos.ParameterDemo"/>
  <system-out/>
</testsuite> <!-- TestNGDemos.ParameterDemo -->
