<?xml version="1.0" encoding="UTF-8"?>
<!-- Generated by org.testng.reporters.JUnitReportReporter -->
<testsuite skipped="0" hostname="LAPTOP-3VC51P4M" name="Event_Handling.WindowHandling" tests="1" failures="0" timestamp="2021-10-29T09:09:16 IST" time="12.287" errors="0">
  <testcase name="launch" time="12.287" classname="Event_Handling.WindowHandling"/>
  <system-out/>
</testsuite> <!-- Event_Handling.WindowHandling -->
